#! /c/Source/iverilog-install/bin/vvp
:ivl_version "12.0 (devel)" "(s20150603-1539-g2693dd32b)";
:ivl_delay_selection "TYPICAL";
:vpi_time_precision + 0;
:vpi_module "C:\iverilog\lib\ivl\system.vpi";
:vpi_module "C:\iverilog\lib\ivl\vhdl_sys.vpi";
:vpi_module "C:\iverilog\lib\ivl\vhdl_textio.vpi";
:vpi_module "C:\iverilog\lib\ivl\v2005_math.vpi";
:vpi_module "C:\iverilog\lib\ivl\va_math.vpi";
S_000001ff5bc12510 .scope module, "controller" "controller" 2 1;
 .timescale 0 0;
    .port_info 0 /INPUT 1 "clk";
    .port_info 1 /INPUT 8 "grant";
    .port_info 2 /INPUT 1 "reset";
    .port_info 3 /INPUT 1 "contrl1";
    .port_info 4 /OUTPUT 1 "ld_grant";
    .port_info 5 /OUTPUT 1 "ld_weight";
    .port_info 6 /OUTPUT 1 "ld_request";
    .port_info 7 /OUTPUT 1 "ld_count";
P_000001ff5bc126a0 .param/l "counting" 0 2 14, C4<11>;
P_000001ff5bc126d8 .param/l "get_weight" 0 2 14, C4<10>;
P_000001ff5bc12710 .param/l "granting_process" 0 2 14, C4<01>;
P_000001ff5bc12748 .param/l "start" 0 2 14, C4<00>;
o000001ff5bc4afd8 .functor BUFZ 1, C4<z>; HiZ drive
v000001ff5bb8bd30_0 .net "clk", 0 0, o000001ff5bc4afd8;  0 drivers
o000001ff5bc4b008 .functor BUFZ 1, C4<z>; HiZ drive
v000001ff5bc12790_0 .net "contrl1", 0 0, o000001ff5bc4b008;  0 drivers
o000001ff5bc4b038 .functor BUFZ 8, C4<zzzzzzzz>; HiZ drive
v000001ff5bc12830_0 .net "grant", 7 0, o000001ff5bc4b038;  0 drivers
v000001ff5bc128d0_0 .var "ld_count", 0 0;
v000001ff5bc8d840_0 .var "ld_grant", 0 0;
v000001ff5bc8d8e0_0 .var "ld_request", 0 0;
v000001ff5bc8d980_0 .var "ld_weight", 0 0;
v000001ff5bc8da20_0 .var "next_state", 1 0;
o000001ff5bc4b158 .functor BUFZ 1, C4<z>; HiZ drive
v000001ff5bc8dac0_0 .net "reset", 0 0, o000001ff5bc4b158;  0 drivers
v000001ff5bc8db60_0 .var "state", 1 0;
E_000001ff5bc49a60 .event posedge, v000001ff5bb8bd30_0;
E_000001ff5bc49920 .event anyedge, v000001ff5bc8db60_0, v000001ff5bc12830_0, v000001ff5bc12790_0;
    .scope S_000001ff5bc12510;
T_0 ;
    %wait E_000001ff5bc49a60;
    %load/vec4 v000001ff5bc8dac0_0;
    %flag_set/vec4 8;
    %jmp/0xz  T_0.0, 8;
    %pushi/vec4 0, 0, 2;
    %assign/vec4 v000001ff5bc8db60_0, 0;
    %jmp T_0.1;
T_0.0 ;
    %load/vec4 v000001ff5bc8da20_0;
    %assign/vec4 v000001ff5bc8db60_0, 0;
T_0.1 ;
    %jmp T_0;
    .thread T_0;
    .scope S_000001ff5bc12510;
T_1 ;
    %wait E_000001ff5bc49920;
    %load/vec4 v000001ff5bc8db60_0;
    %dup/vec4;
    %pushi/vec4 0, 0, 2;
    %cmp/u;
    %jmp/1 T_1.0, 6;
    %dup/vec4;
    %pushi/vec4 1, 0, 2;
    %cmp/u;
    %jmp/1 T_1.1, 6;
    %dup/vec4;
    %pushi/vec4 2, 0, 2;
    %cmp/u;
    %jmp/1 T_1.2, 6;
    %dup/vec4;
    %pushi/vec4 3, 0, 2;
    %cmp/u;
    %jmp/1 T_1.3, 6;
    %pushi/vec4 0, 0, 2;
    %assign/vec4 v000001ff5bc8da20_0, 0;
    %jmp T_1.5;
T_1.0 ;
    %pushi/vec4 1, 0, 2;
    %assign/vec4 v000001ff5bc8da20_0, 0;
    %jmp T_1.5;
T_1.1 ;
    %load/vec4 v000001ff5bc12830_0;
    %pad/u 32;
    %cmpi/ne 0, 0, 32;
    %flag_mov 8, 4;
    %jmp/0 T_1.6, 8;
    %pushi/vec4 2, 0, 2;
    %jmp/1 T_1.7, 8;
T_1.6 ; End of true expr.
    %load/vec4 v000001ff5bc8db60_0;
    %jmp/0 T_1.7, 8;
 ; End of false expr.
    %blend;
T_1.7;
    %assign/vec4 v000001ff5bc8da20_0, 0;
    %jmp T_1.5;
T_1.2 ;
    %pushi/vec4 3, 0, 2;
    %assign/vec4 v000001ff5bc8da20_0, 0;
    %jmp T_1.5;
T_1.3 ;
    %load/vec4 v000001ff5bc12790_0;
    %flag_set/vec4 8;
    %jmp/0 T_1.8, 8;
    %pushi/vec4 1, 0, 2;
    %jmp/1 T_1.9, 8;
T_1.8 ; End of true expr.
    %pushi/vec4 3, 0, 2;
    %jmp/0 T_1.9, 8;
 ; End of false expr.
    %blend;
T_1.9;
    %assign/vec4 v000001ff5bc8da20_0, 0;
    %jmp T_1.5;
T_1.5 ;
    %pop/vec4 1;
    %jmp T_1;
    .thread T_1, $push;
    .scope S_000001ff5bc12510;
T_2 ;
    %wait E_000001ff5bc49a60;
    %pushi/vec4 0, 0, 1;
    %assign/vec4 v000001ff5bc8d840_0, 0;
    %pushi/vec4 0, 0, 1;
    %assign/vec4 v000001ff5bc8d980_0, 0;
    %pushi/vec4 0, 0, 1;
    %assign/vec4 v000001ff5bc128d0_0, 0;
    %pushi/vec4 1, 0, 1;
    %assign/vec4 v000001ff5bc8d8e0_0, 0;
    %load/vec4 v000001ff5bc8db60_0;
    %dup/vec4;
    %pushi/vec4 0, 0, 2;
    %cmp/u;
    %jmp/1 T_2.0, 6;
    %dup/vec4;
    %pushi/vec4 1, 0, 2;
    %cmp/u;
    %jmp/1 T_2.1, 6;
    %dup/vec4;
    %pushi/vec4 2, 0, 2;
    %cmp/u;
    %jmp/1 T_2.2, 6;
    %dup/vec4;
    %pushi/vec4 3, 0, 2;
    %cmp/u;
    %jmp/1 T_2.3, 6;
    %jmp T_2.4;
T_2.0 ;
    %load/vec4 v000001ff5bc8dac0_0;
    %pad/u 32;
    %cmpi/e 0, 0, 32;
    %flag_mov 8, 4;
    %jmp/0 T_2.5, 8;
    %pushi/vec4 1, 0, 1;
    %jmp/1 T_2.6, 8;
T_2.5 ; End of true expr.
    %pushi/vec4 0, 0, 1;
    %jmp/0 T_2.6, 8;
 ; End of false expr.
    %blend;
T_2.6;
    %assign/vec4 v000001ff5bc8d840_0, 0;
    %jmp T_2.4;
T_2.1 ;
    %pushi/vec4 1, 0, 1;
    %assign/vec4 v000001ff5bc8d840_0, 0;
    %load/vec4 v000001ff5bc12830_0;
    %pad/u 32;
    %cmpi/ne 0, 0, 32;
    %flag_mov 8, 4;
    %jmp/0 T_2.7, 8;
    %pushi/vec4 1, 0, 1;
    %jmp/1 T_2.8, 8;
T_2.7 ; End of true expr.
    %pushi/vec4 0, 0, 1;
    %jmp/0 T_2.8, 8;
 ; End of false expr.
    %blend;
T_2.8;
    %assign/vec4 v000001ff5bc8d980_0, 0;
    %jmp T_2.4;
T_2.2 ;
    %pushi/vec4 1, 0, 1;
    %assign/vec4 v000001ff5bc8d980_0, 0;
    %pushi/vec4 1, 0, 1;
    %assign/vec4 v000001ff5bc128d0_0, 0;
    %jmp T_2.4;
T_2.3 ;
    %pushi/vec4 1, 0, 1;
    %assign/vec4 v000001ff5bc128d0_0, 0;
    %jmp T_2.4;
T_2.4 ;
    %pop/vec4 1;
    %jmp T_2;
    .thread T_2;
# The file index is used to find the file name in the following table.
:file_names 3;
    "N/A";
    "<interactive>";
    "controller_g_r.v";
