#! /c/Source/iverilog-install/bin/vvp
:ivl_version "12.0 (devel)" "(s20150603-1539-g2693dd32b)";
:ivl_delay_selection "TYPICAL";
:vpi_time_precision + 0;
:vpi_module "C:\iverilog\lib\ivl\system.vpi";
:vpi_module "C:\iverilog\lib\ivl\vhdl_sys.vpi";
:vpi_module "C:\iverilog\lib\ivl\vhdl_textio.vpi";
:vpi_module "C:\iverilog\lib\ivl\v2005_math.vpi";
:vpi_module "C:\iverilog\lib\ivl\va_math.vpi";
S_0000023678822620 .scope module, "control_ngprc" "control_ngprc" 2 1;
 .timescale 0 0;
    .port_info 0 /INPUT 1 "reset";
    .port_info 1 /INPUT 1 "clk";
    .port_info 2 /OUTPUT 1 "ld_prior";
    .port_info 3 /OUTPUT 1 "ld_ng";
P_0000023678822ed0 .param/l "Next_grant" 0 2 11, C4<1>;
P_0000023678822f08 .param/l "Reset" 0 2 11, C4<0>;
o0000023678856fd8 .functor BUFZ 1, C4<z>; HiZ drive
v0000023678948e70_0 .net "clk", 0 0, o0000023678856fd8;  0 drivers
v00000236788227b0_0 .var "ld_ng", 0 0;
v0000023678822850_0 .var "ld_prior", 0 0;
v00000236788228f0_0 .var "next_state", 0 0;
o0000023678857098 .functor BUFZ 1, C4<z>; HiZ drive
v000002367894ba40_0 .net "reset", 0 0, o0000023678857098;  0 drivers
v000002367894bae0_0 .var "state", 0 0;
E_000002367894c100 .event posedge, v0000023678948e70_0;
E_000002367894c140 .event anyedge, v000002367894bae0_0, v000002367894ba40_0;
    .scope S_0000023678822620;
T_0 ;
    %wait E_000002367894c100;
    %load/vec4 v000002367894ba40_0;
    %flag_set/vec4 8;
    %jmp/0xz  T_0.0, 8;
    %pushi/vec4 0, 0, 1;
    %assign/vec4 v000002367894bae0_0, 0;
    %jmp T_0.1;
T_0.0 ;
    %load/vec4 v00000236788228f0_0;
    %assign/vec4 v000002367894bae0_0, 0;
T_0.1 ;
    %jmp T_0;
    .thread T_0;
    .scope S_0000023678822620;
T_1 ;
    %wait E_000002367894c140;
    %load/vec4 v000002367894bae0_0;
    %dup/vec4;
    %pushi/vec4 0, 0, 1;
    %cmp/u;
    %jmp/1 T_1.0, 6;
    %dup/vec4;
    %pushi/vec4 1, 0, 1;
    %cmp/u;
    %jmp/1 T_1.1, 6;
    %load/vec4 v000002367894bae0_0;
    %store/vec4 v00000236788228f0_0, 0, 1;
    %jmp T_1.3;
T_1.0 ;
    %load/vec4 v000002367894ba40_0;
    %flag_set/vec4 8;
    %jmp/0 T_1.4, 8;
    %pushi/vec4 0, 0, 1;
    %jmp/1 T_1.5, 8;
T_1.4 ; End of true expr.
    %pushi/vec4 1, 0, 1;
    %jmp/0 T_1.5, 8;
 ; End of false expr.
    %blend;
T_1.5;
    %store/vec4 v00000236788228f0_0, 0, 1;
    %jmp T_1.3;
T_1.1 ;
    %pushi/vec4 1, 0, 1;
    %store/vec4 v00000236788228f0_0, 0, 1;
    %jmp T_1.3;
T_1.3 ;
    %pop/vec4 1;
    %jmp T_1;
    .thread T_1, $push;
    .scope S_0000023678822620;
T_2 ;
    %wait E_000002367894c100;
    %pushi/vec4 0, 0, 1;
    %assign/vec4 v0000023678822850_0, 0;
    %pushi/vec4 0, 0, 1;
    %assign/vec4 v00000236788227b0_0, 0;
    %load/vec4 v000002367894bae0_0;
    %dup/vec4;
    %pushi/vec4 0, 0, 1;
    %cmp/u;
    %jmp/1 T_2.0, 6;
    %dup/vec4;
    %pushi/vec4 1, 0, 1;
    %cmp/u;
    %jmp/1 T_2.1, 6;
    %jmp T_2.2;
T_2.0 ;
    %load/vec4 v000002367894ba40_0;
    %pad/u 32;
    %cmpi/e 0, 0, 32;
    %flag_mov 8, 4;
    %jmp/0 T_2.3, 8;
    %pushi/vec4 1, 0, 1;
    %jmp/1 T_2.4, 8;
T_2.3 ; End of true expr.
    %pushi/vec4 0, 0, 1;
    %jmp/0 T_2.4, 8;
 ; End of false expr.
    %blend;
T_2.4;
    %assign/vec4 v0000023678822850_0, 0;
    %load/vec4 v000002367894ba40_0;
    %pad/u 32;
    %cmpi/e 0, 0, 32;
    %flag_mov 8, 4;
    %jmp/0 T_2.5, 8;
    %pushi/vec4 1, 0, 1;
    %jmp/1 T_2.6, 8;
T_2.5 ; End of true expr.
    %pushi/vec4 0, 0, 1;
    %jmp/0 T_2.6, 8;
 ; End of false expr.
    %blend;
T_2.6;
    %assign/vec4 v00000236788227b0_0, 0;
    %jmp T_2.2;
T_2.1 ;
    %pushi/vec4 1, 0, 1;
    %assign/vec4 v0000023678822850_0, 0;
    %pushi/vec4 1, 0, 1;
    %assign/vec4 v00000236788227b0_0, 0;
    %jmp T_2.2;
T_2.2 ;
    %pop/vec4 1;
    %jmp T_2;
    .thread T_2;
# The file index is used to find the file name in the following table.
:file_names 3;
    "N/A";
    "<interactive>";
    "controller_ngprc.v";
